<?xml version="1.0" encoding="UTF-8"?>
<testng-results ignored="6" total="7" passed="1" failed="0" skipped="0">
  <reporter-output>
  </reporter-output>
  <suite started-at="2026-06-18T16:47:26 IST" name="Default suite" finished-at="2026-06-18T16:47:27 IST" duration-ms="1569">
    <groups>
    </groups>
    <test started-at="2026-06-18T16:47:26 IST" name="Default test" finished-at="2026-06-18T16:47:27 IST" duration-ms="1569">
      <class name="LMSServer.Testing_LMSServer">
        <test-method is-config="true" signature="setup()[pri:0, instance:LMSServer.Testing_LMSServer@69504ae9]" started-at="2026-06-18T16:47:26 IST" name="setup" finished-at="2026-06-18T16:47:26 IST" duration-ms="10" status="PASS">
          <reporter-output>
          </reporter-output>
        </test-method> <!-- setup -->
        <test-method signature="healthcheck()[pri:1, instance:LMSServer.Testing_LMSServer@69504ae9]" started-at="2026-06-18T16:47:26 IST" name="healthcheck" finished-at="2026-06-18T16:47:27 IST" duration-ms="1494" status="PASS">
          <reporter-output>
          </reporter-output>
        </test-method> <!-- healthcheck -->
      </class> <!-- LMSServer.Testing_LMSServer -->
    </test> <!-- Default test -->
  </suite> <!-- Default suite -->
</testng-results>
