<?xml version="1.0" encoding="UTF-8"?>
<!-- Generated by org.testng.reporters.JUnitReportReporter -->
<testsuite hostname="DESKTOP-LP094W" failures="0" tests="6" name="com.test.Calculator" time="35.780" errors="0" timestamp="2026-06-18T15:02:30 IST" skipped="0">
  <testcase classname="com.test.Calculator" name="addition" time="7.340"/>
  <testcase classname="com.test.Calculator" name="subtraction" time="5.360"/>
  <testcase classname="com.test.Calculator" name="multiplication" time="4.819"/>
  <testcase classname="com.test.Calculator" name="division" time="7.078"/>
  <testcase classname="com.test.Calculator" name="multipleOperations" time="6.581"/>
  <testcase classname="com.test.Calculator" name="clearFunctionality" time="4.602"/>
</testsuite> <!-- com.test.Calculator -->
