<?xml version="1.0" encoding="UTF-8"?>
<!-- Generated by org.testng.reporters.JUnitXMLReporter -->
<testsuite ignored="6" hostname="DESKTOP-LP094W" failures="0" tests="1" name="Default test" time="1.569" errors="0" timestamp="2026-06-18T16:47:27 IST">
  <testcase classname="LMSServer.Testing_LMSServer" name="healthcheck" time="1.494"/>
  <testcase classname="LMSServer.Testing_LMSServer" name="Getallroles" time="0.0">
    <ignored/>
  </testcase> <!-- Getallroles -->
  <testcase classname="LMSServer.Testing_LMSServer" name="test_Login" time="0.0">
    <ignored/>
  </testcase> <!-- test_Login -->
  <testcase classname="LMSServer.Testing_LMSServer" name="Getallnotes" time="0.0">
    <ignored/>
  </testcase> <!-- Getallnotes -->
  <testcase classname="LMSServer.Testing_LMSServer" name="Createnote" time="0.0">
    <ignored/>
  </testcase> <!-- Createnote -->
  <testcase classname="LMSServer.Testing_LMSServer" name="Getallcoursestructures" time="0.0">
    <ignored/>
  </testcase> <!-- Getallcoursestructures -->
  <testcase classname="LMSServer.Testing_LMSServer" name="Getallinstitutions" time="0.0">
    <ignored/>
  </testcase> <!-- Getallinstitutions -->
</testsuite> <!-- Default test -->
