<?xml version="1.0" encoding="UTF-8"?>
<!-- Generated by org.testng.reporters.JUnitXMLReporter -->
<testsuite ignored="0" hostname="DESKTOP-LP094W" failures="0" tests="6" name="Default test" time="45.387" errors="0" timestamp="2026-06-18T15:02:30 IST">
  <testcase classname="com.test.Calculator" name="addition" time="6.614"/>
  <testcase classname="com.test.Calculator" name="subtraction" time="4.221"/>
  <testcase classname="com.test.Calculator" name="multiplication" time="3.73"/>
  <testcase classname="com.test.Calculator" name="division" time="6.139"/>
  <testcase classname="com.test.Calculator" name="multipleOperations" time="6.233"/>
  <testcase classname="com.test.Calculator" name="clearFunctionality" time="3.487"/>
</testsuite> <!-- Default test -->
