<?xml version="1.0" encoding="UTF-8"?>
<testng-results ignored="0" total="6" passed="6" failed="0" skipped="0">
  <reporter-output>
  </reporter-output>
  <suite started-at="2026-06-18T15:01:45 IST" name="Default suite" finished-at="2026-06-18T15:02:30 IST" duration-ms="45387">
    <groups>
    </groups>
    <test started-at="2026-06-18T15:01:45 IST" name="Default test" finished-at="2026-06-18T15:02:30 IST" duration-ms="45387">
      <class name="com.test.Calculator">
        <test-method is-config="true" signature="setup()[pri:0, instance:com.test.Calculator@5fdcaa40]" started-at="2026-06-18T15:01:45 IST" name="setup" finished-at="2026-06-18T15:01:53 IST" duration-ms="8457" status="PASS">
          <reporter-output>
          </reporter-output>
        </test-method> <!-- setup -->
        <test-method is-config="true" signature="resetApp()[pri:0, instance:com.test.Calculator@5fdcaa40]" started-at="2026-06-18T15:01:53 IST" name="resetApp" finished-at="2026-06-18T15:01:54 IST" duration-ms="348" status="PASS">
          <reporter-output>
          </reporter-output>
        </test-method> <!-- resetApp -->
        <test-method signature="addition()[pri:1, instance:com.test.Calculator@5fdcaa40]" started-at="2026-06-18T15:01:54 IST" name="addition" finished-at="2026-06-18T15:02:00 IST" duration-ms="6614" status="PASS">
          <reporter-output>
          </reporter-output>
        </test-method> <!-- addition -->
        <test-method is-config="true" signature="resetApp()[pri:0, instance:com.test.Calculator@5fdcaa40]" started-at="2026-06-18T15:02:00 IST" name="resetApp" finished-at="2026-06-18T15:02:01 IST" duration-ms="1089" status="PASS">
          <reporter-output>
          </reporter-output>
        </test-method> <!-- resetApp -->
        <test-method signature="subtraction()[pri:2, instance:com.test.Calculator@5fdcaa40]" started-at="2026-06-18T15:02:01 IST" name="subtraction" finished-at="2026-06-18T15:02:06 IST" duration-ms="4221" status="PASS">
          <reporter-output>
          </reporter-output>
        </test-method> <!-- subtraction -->
        <test-method is-config="true" signature="resetApp()[pri:0, instance:com.test.Calculator@5fdcaa40]" started-at="2026-06-18T15:02:06 IST" name="resetApp" finished-at="2026-06-18T15:02:06 IST" duration-ms="939" status="PASS">
          <reporter-output>
          </reporter-output>
        </test-method> <!-- resetApp -->
        <test-method signature="multiplication()[pri:3, instance:com.test.Calculator@5fdcaa40]" started-at="2026-06-18T15:02:06 IST" name="multiplication" finished-at="2026-06-18T15:02:10 IST" duration-ms="3730" status="PASS">
          <reporter-output>
          </reporter-output>
        </test-method> <!-- multiplication -->
        <test-method is-config="true" signature="resetApp()[pri:0, instance:com.test.Calculator@5fdcaa40]" started-at="2026-06-18T15:02:10 IST" name="resetApp" finished-at="2026-06-18T15:02:11 IST" duration-ms="1139" status="PASS">
          <reporter-output>
          </reporter-output>
        </test-method> <!-- resetApp -->
        <test-method signature="division()[pri:4, instance:com.test.Calculator@5fdcaa40]" started-at="2026-06-18T15:02:11 IST" name="division" finished-at="2026-06-18T15:02:17 IST" duration-ms="6139" status="PASS">
          <reporter-output>
          </reporter-output>
        </test-method> <!-- division -->
        <test-method is-config="true" signature="resetApp()[pri:0, instance:com.test.Calculator@5fdcaa40]" started-at="2026-06-18T15:02:17 IST" name="resetApp" finished-at="2026-06-18T15:02:18 IST" duration-ms="726" status="PASS">
          <reporter-output>
          </reporter-output>
        </test-method> <!-- resetApp -->
        <test-method signature="multipleOperations()[pri:5, instance:com.test.Calculator@5fdcaa40]" started-at="2026-06-18T15:02:18 IST" name="multipleOperations" finished-at="2026-06-18T15:02:24 IST" duration-ms="6233" status="PASS">
          <reporter-output>
          </reporter-output>
        </test-method> <!-- multipleOperations -->
        <test-method is-config="true" signature="resetApp()[pri:0, instance:com.test.Calculator@5fdcaa40]" started-at="2026-06-18T15:02:24 IST" name="resetApp" finished-at="2026-06-18T15:02:26 IST" duration-ms="1115" status="PASS">
          <reporter-output>
          </reporter-output>
        </test-method> <!-- resetApp -->
        <test-method signature="clearFunctionality()[pri:6, instance:com.test.Calculator@5fdcaa40]" started-at="2026-06-18T15:02:26 IST" name="clearFunctionality" finished-at="2026-06-18T15:02:29 IST" duration-ms="3487" status="PASS">
          <reporter-output>
          </reporter-output>
        </test-method> <!-- clearFunctionality -->
        <test-method is-config="true" signature="tearDown()[pri:0, instance:com.test.Calculator@5fdcaa40]" started-at="2026-06-18T15:02:29 IST" name="tearDown" finished-at="2026-06-18T15:02:30 IST" duration-ms="1113" status="PASS">
          <reporter-output>
          </reporter-output>
        </test-method> <!-- tearDown -->
      </class> <!-- com.test.Calculator -->
    </test> <!-- Default test -->
  </suite> <!-- Default suite -->
</testng-results>
